TN:
SF:src/router.ts
FN:9,(anonymous_1)
FN:14,(anonymous_2)
FN:19,(anonymous_3)
FN:21,(anonymous_4)
FN:21,(anonymous_5)
FN:30,(anonymous_6)
FNF:6
FNH:2
FNDA:0,(anonymous_1)
FNDA:0,(anonymous_2)
FNDA:11,(anonymous_3)
FNDA:4,(anonymous_4)
FNDA:0,(anonymous_5)
FNDA:0,(anonymous_6)
DA:1,1
DA:2,1
DA:3,1
DA:4,1
DA:6,1
DA:9,1
DA:10,0
DA:14,1
DA:15,0
DA:19,11
DA:21,4
DA:22,0
DA:25,1
DA:30,1
DA:32,0
DA:34,1
LF:16
LH:12
BRF:0
BRH:0
end_of_record
TN:
SF:src/server.ts
FN:7,connectionDB
FNF:1
FNH:1
FNDA:1,connectionDB
DA:1,1
DA:2,1
DA:3,1
DA:4,1
DA:7,1
DA:8,1
DA:9,1
DA:10,1
DA:11,1
DA:14,0
DA:17,1
DA:19,1
DA:21,1
DA:23,1
DA:24,1
LF:15
LH:14
BRF:0
BRH:0
end_of_record
TN:
SF:src/config/db.ts
FNF:0
FNH:0
DA:2,1
DA:3,1
DA:4,1
DA:6,1
DA:8,1
DA:14,1
LF:6
LH:6
BRF:0
BRH:0
end_of_record
TN:
SF:src/handlers/Producto.ts
FN:6,(anonymous_1)
FN:17,(anonymous_2)
FN:31,(anonymous_3)
FN:50,(anonymous_4)
FN:70,(anonymous_5)
FN:91,(anonymous_6)
FNF:6
FNH:5
FNDA:7,(anonymous_1)
FNDA:3,(anonymous_2)
FNDA:2,(anonymous_3)
FNDA:2,(anonymous_4)
FNDA:5,(anonymous_5)
FNDA:0,(anonymous_6)
DA:3,1
DA:6,1
DA:7,7
DA:8,7
DA:9,7
DA:11,0
DA:12,0
DA:17,1
DA:18,3
DA:19,3
DA:23,3
DA:25,0
DA:26,0
DA:31,1
DA:32,2
DA:33,2
DA:34,2
DA:36,2
DA:38,1
DA:42,1
DA:44,0
DA:45,0
DA:50,1
DA:51,2
DA:52,2
DA:53,2
DA:55,2
DA:56,1
DA:59,1
DA:62,1
DA:64,0
DA:65,0
DA:70,1
DA:71,5
DA:72,5
DA:73,5
DA:75,5
DA:76,2
DA:79,3
DA:80,3
DA:83,3
DA:85,0
DA:86,0
DA:91,1
DA:92,0
DA:93,0
DA:94,0
DA:96,0
DA:97,0
DA:100,0
DA:102,0
DA:103,0
LF:52
LH:34
BRDA:36,0,0,1
BRDA:36,0,1,1
BRDA:55,1,0,1
BRDA:55,1,1,1
BRDA:75,2,0,2
BRDA:75,2,1,3
BRDA:96,3,0,0
BRDA:96,3,1,0
BRF:8
BRH:6
end_of_record
TN:
SF:src/middleware/index.ts
FN:5,(anonymous_0)
FNF:1
FNH:1
FNDA:24,(anonymous_0)
DA:1,1
DA:5,1
DA:19,24
DA:20,24
DA:21,8
DA:23,16
LF:6
LH:6
BRDA:20,0,0,8
BRDA:20,0,1,16
BRF:2
BRH:2
end_of_record
TN:
SF:src/models/Producto.mo.ts
FNF:0
FNH:0
DA:2,1
DA:5,1
DA:7,1
DA:10,1
DA:14,1
DA:17,1
LF:6
LH:6
BRF:0
BRH:0
end_of_record
